Arguments: 
  /usr/bin/node /usr/bin/yarn install

PATH: 
  /usr/local/sbin:/usr/local/bin:/usr/sbin:/usr/bin:/sbin:/bin:/usr/games:/usr/local/games:/snap/bin

Yarn version: 
  1.22.10

Node version: 
  8.17.0

Platform: 
  linux x64

Trace: 
  Error: EACCES: permission denied, open '/home/frappe/frappe-bench/apps/erpnext/yarn.lock'

npm manifest: 
  {
    "name": "erpnext",
    "description": "Open Source ERP System powered by the Frappe Framework",
    "repository": {
      "type": "git",
      "url": "git+https://github.com/frappe/erpnext.git"
    },
    "homepage": "https://onehash.ai",
    "author": "Frappe Technologies Pvt. Ltd.",
    "license": "GPL-3.0",
    "bugs": {
      "url": "https://github.com/frappe/erpnext/issues"
    }
  }

yarn manifest: 
  No manifest

Lockfile: 
  # THIS IS AN AUTOGENERATED FILE. DO NOT EDIT THIS FILE DIRECTLY.
  # yarn lockfile v1
